[21:23:40] [warning] Glass: C Includes
[21:23:40] [warning] Glass: C Libs
[21:23:40] [info] Glass: Compiling: ".\\Examples\\Main.glass"
[21:23:40] [info] Glass: 
% 1
[21:23:40] [info] Glass: 
% 2
[21:23:40] [info] Glass: 
struct
[21:23:40] [info] Glass: 
fn $10 i32 : ($ 7 : 1, ) {
$ 10 : 1 = &$%%1
$ 15 : 2 = 
$ 10 : 3 = &$$2
$ 10 : 4 =  -> 
$ 7 : 5 = LOAD $1
STORE $4 $5
$ 10 : 6 =  -> 
$ 7 : 7 = LOAD $1
$ 7 : 8 = LOAD $1
$ 10 : 9 = CALL $7()
STORE $6 $9
$ 15 : 10 = LOAD $3
ret 5 : $10
}

[21:23:40] [info] Glass: 
fn $12 i32 : ($ 15 : 1, ) {
$ 10 : 1 = &$%%1
$ 10 : 2 =  -> 
$ 7 : 3 = LOAD $2
$ 10 : 4 = 
$ 10 : 5 = &$$4
STORE $5 $3
$ 10 : 6 = LOAD $5
$ 10 : 7 = LOAD $5
CALL $6()
$ 10 : 8 =  -> 
$ 1 : 9 = 0
STORE $8 $9
$ 10 : 10 =  -> 
$ 1 : 11 = 0
STORE $10 $11
}

[21:23:40] [info] Glass: 
fn $14 i32 : () {
$ 7 : 1 = % 1
$ 7 : 2 = % 2
$ 15 : 3 = CALL $10()
$ 15 : 4 = 
$ 10 : 5 = &$$4
STORE $5 $3
}

[21:23:40] [warning] Glass: Running: clang -w generated.c
[21:23:41] [warning] Glass: CodeGen Done: clang -w generated.c
