[00:24:13] [warning] Glass: C Includes
[00:24:13] [info] Glass: 	glad/glad.h
[00:24:13] [info] Glass: 	glfw/include/glfw3.h
[00:24:13] [info] Glass: 	loadgl.h
[00:24:13] [warning] Glass: C Libs
[00:24:13] [info] Glass: 	glfw/GLFW.lib
[00:24:13] [info] Glass: 	glad/GLAD.lib
[00:24:13] [info] Glass: Compiling: "./Game.glass"
[00:24:13] [info] Glass: 
% 1
[00:24:13] [info] Glass: 
% 2
[00:24:13] [info] Glass: 
% 3
[00:24:13] [info] Glass: 
% 4
[00:24:13] [info] Glass: 
struct
[00:24:13] [info] Glass: 
struct
[00:24:13] [info] Glass: 
struct
[00:24:13] [info] Glass: 
fn $18 i32 : () {
$ 1 : 1 = 256
$ 5 : 2 = 
$ 10 : 3 = &$$2
STORE $3 $1
$ 1 : 4 = 16384
$ 5 : 5 = 
$ 10 : 6 = &$$5
STORE $6 $4
CALL $8()
$ 1 : 7 = 0
$ 5 : 8 = 
$ 10 : 9 = &$$8
STORE $9 $7
$ 15 : 10 = 
$ 10 : 11 = &$$10
$ 1 : 12 = 1280
$ 1 : 13 = 720
$ 7 : 14 = % 1
$ 7 : 15 = % 2
$ 5 : 16 = LOAD $9
$ 5 : 17 = LOAD $9
$ 5 : 18 = LOAD $9
$ 5 : 19 = LOAD $9
$ 15 : 20 = CALL $7()
STORE $11 $20
$ 15 : 21 = LOAD $11
$ 15 : 22 = LOAD $11
CALL $9()
$ 5 : 23 = CALL $14()
$ 1 : 24 = 1
while{
$ 15 : 25 = LOAD $11
$ 15 : 26 = LOAD $11
$ 2 : 27 = 1061997773
$ 1 : 28 = 1
$ 1 : 29 = 1
$ 1 : 30 = 1
$ 5 : 31 = LOAD $6
$ 15 : 32 = LOAD $11
$ 15 : 33 = LOAD $11
$ 5 : 34 = CALL $12()
$ 15 : 35 = LOAD $11
$ 15 : 36 = LOAD $11
$ 5 : 37 = LOAD $3
$ 5 : 38 = CALL $13()
CALL $10()
CALL $11()
CALL $15()
CALL $16()
if{
break
}

if{
break
}

}

$ 14 : 39 = typeof(18)
$ 14 : 40 = 
$ 10 : 41 = &$$40
STORE $41 $39
$ 7 : 42 = % 3
$ 7 : 43 = % 4
$ 10 : 44 =  -> 
$ 7 : 45 = LOAD $44
$ 5 : 46 = CALL $2()
}

[00:24:13] [warning] Glass: Running: clang -w generated.c
[00:24:13] [error] Glass: Error: During Execution of Command
